TN:
SF:config\config.js
FNF:0
FNH:0
DA:1,3
LF:1
LH:1
BRDA:2,0,0,3
BRDA:2,0,1,3
BRF:2
BRH:2
end_of_record
TN:
SF:utils\apiClient.js
FN:6,(anonymous_0)
FN:21,(anonymous_1)
FN:29,(anonymous_2)
FN:40,(anonymous_3)
FN:68,(anonymous_4)
FN:86,(anonymous_5)
FN:107,(anonymous_6)
FN:120,(anonymous_7)
FN:133,(anonymous_8)
FN:146,(anonymous_9)
FN:166,(anonymous_10)
FN:184,(anonymous_11)
FN:201,(anonymous_12)
FN:219,(anonymous_13)
FN:238,(anonymous_14)
FN:256,(anonymous_15)
FN:274,(anonymous_16)
FN:309,(anonymous_17)
FNF:18
FNH:15
FNDA:40,(anonymous_0)
FNDA:12,(anonymous_1)
FNDA:39,(anonymous_2)
FNDA:14,(anonymous_3)
FNDA:4,(anonymous_4)
FNDA:22,(anonymous_5)
FNDA:0,(anonymous_6)
FNDA:3,(anonymous_7)
FNDA:3,(anonymous_8)
FNDA:1,(anonymous_9)
FNDA:0,(anonymous_10)
FNDA:15,(anonymous_11)
FNDA:3,(anonymous_12)
FNDA:3,(anonymous_13)
FNDA:2,(anonymous_14)
FNDA:2,(anonymous_15)
FNDA:27,(anonymous_16)
FNDA:0,(anonymous_17)
DA:1,3
DA:2,3
DA:3,3
DA:7,40
DA:14,40
DA:22,12
DA:23,12
DA:30,39
DA:31,39
DA:41,14
DA:42,14
DA:43,14
DA:44,14
DA:46,14
DA:50,9
DA:51,9
DA:54,9
DA:60,5
DA:69,4
DA:70,4
DA:71,2
DA:77,2
DA:87,22
DA:88,22
DA:89,12
DA:95,10
DA:108,0
DA:109,0
DA:110,0
DA:116,0
DA:121,3
DA:122,3
DA:123,1
DA:129,2
DA:134,3
DA:135,3
DA:136,1
DA:142,2
DA:147,1
DA:148,1
DA:151,1
DA:157,0
DA:167,0
DA:168,0
DA:169,0
DA:175,0
DA:185,15
DA:186,15
DA:187,12
DA:193,3
DA:202,3
DA:203,3
DA:204,2
DA:210,1
DA:220,3
DA:221,3
DA:222,1
DA:228,2
DA:239,2
DA:240,2
DA:241,2
DA:247,0
DA:257,2
DA:258,2
DA:259,2
DA:265,0
DA:275,27
DA:277,27
DA:284,0
DA:286,0
DA:295,0
DA:310,0
DA:311,0
DA:312,0
DA:319,0
DA:324,3
LF:76
LH:58
BRDA:6,0,0,40
BRDA:9,1,0,40
BRDA:9,1,1,0
BRDA:50,2,0,9
BRDA:50,2,1,0
BRDA:50,3,0,9
BRDA:50,3,1,9
BRDA:146,4,0,0
BRDA:146,5,0,0
BRDA:275,6,0,27
BRDA:275,6,1,0
BRDA:284,7,0,0
BRDA:284,7,1,0
BRF:13
BRH:6
end_of_record
TN:
SF:utils\testData.js
FN:2,(anonymous_0)
FN:10,(anonymous_1)
FNF:2
FNH:2
FNDA:14,(anonymous_0)
FNDA:1,(anonymous_1)
DA:1,3
DA:2,14
DA:10,1
LF:3
LH:3
BRF:0
BRH:0
end_of_record
